#
# There is insufficient memory for the Java Runtime Environment to continue.
# Native memory allocation (mmap) failed to map 536870912 bytes for G1 virtual space
# Possible reasons:
#   The system is out of physical RAM or swap space
#   The process is running with CompressedOops enabled, and the Java Heap may be blocking the growth of the native heap
# Possible solutions:
#   Reduce memory load on the system
#   Increase physical memory or swap space
#   Check if swap backing store is full
#   Decrease Java heap size (-Xmx/-Xms)
#   Decrease number of Java threads
#   Decrease Java thread stack sizes (-Xss)
#   Set larger code cache with -XX:ReservedCodeCacheSize=
#   JVM is running with Zero Based Compressed Oops mode in which the Java heap is
#     placed in the first 32GB address space. The Java Heap base address is the
#     maximum limit for the native heap growth. Please use -XX:HeapBaseMinAddress
#     to set the Java Heap base and to place the Java Heap above 32GB virtual address.
# This output file may be truncated or incomplete.
#
#  Out of Memory Error (os_windows.cpp:3466), pid=2704, tid=18624
#
# JRE version:  (16.0+36) (build )
# Java VM: Java HotSpot(TM) 64-Bit Server VM (16+36-2231, mixed mode, sharing, tiered, compressed oops, g1 gc, windows-amd64)
# No core dump will be written. Minidumps are not enabled by default on client versions of Windows
#

---------------  S U M M A R Y ------------

Command Line: -agentlib:jdwp=transport=dt_socket,address=127.0.0.1:55159,suspend=y,server=n -Dvisualvm.id=653967240113900 -javaagent:C:\Users\ll130\AppData\Local\JetBrains\IntelliJIdea2021.1\captureAgent\debugger-agent.jar -Dfile.encoding=UTF-8 BootStrap

Host: Intel(R) Core(TM) i7-9700 CPU @ 3.00GHz, 8 cores, 31G,  Windows 10 , 64 bit Build 19041 (10.0.19041.928)
Time: Thu Jun  3 04:04:57 2021  Windows 10 , 64 bit Build 19041 (10.0.19041.928) elapsed time: 0.006980 seconds (0d 0h 0m 0s)

---------------  T H R E A D  ---------------

Current thread (0x000002627649afe0):  JavaThread "Unknown thread" [_thread_in_vm, id=18624, stack(0x00000086c1200000,0x00000086c1300000)]

Stack: [0x00000086c1200000,0x00000086c1300000]
Native frames: (J=compiled Java code, j=interpreted, Vv=VM code, C=native code)
V  [jvm.dll+0x6681da]
V  [jvm.dll+0x7c9d99]
V  [jvm.dll+0x7cb4d3]
V  [jvm.dll+0x7cbb33]
V  [jvm.dll+0x242ee5]
V  [jvm.dll+0x664f99]
V  [jvm.dll+0x659b85]
V  [jvm.dll+0x2fbfcb]
V  [jvm.dll+0x3031c6]
V  [jvm.dll+0x352a0e]
V  [jvm.dll+0x352c3f]
V  [jvm.dll+0x2d3038]
V  [jvm.dll+0x2d4274]
V  [jvm.dll+0x79c691]
V  [jvm.dll+0x3607b1]
V  [jvm.dll+0x77a370]
V  [jvm.dll+0x3e501f]
V  [jvm.dll+0x3e6af1]
C  [jli.dll+0x52fb]
C  [ucrtbase.dll+0x21bb2]
C  [KERNEL32.DLL+0x17034]
C  [ntdll.dll+0x52651]


---------------  P R O C E S S  ---------------

Threads class SMR info:
_java_thread_list=0x00007ff8babecbb8, length=0, elements={
}

Java Threads: ( => current thread )

Other Threads:
  0x000002627650efc0 GCTaskThread "GC Thread#0" [stack: 0x00000086c1300000,0x00000086c1400000] [id=4404]
  0x0000026276520000 ConcurrentGCThread "G1 Main Marker" [stack: 0x00000086c1400000,0x00000086c1500000] [id=1300]
  0x0000026276521b00 ConcurrentGCThread "G1 Conc#0" [stack: 0x00000086c1500000,0x00000086c1600000] [id=21700]

[error occurred during error reporting (printing all threads), id 0xc0000005, EXCEPTION_ACCESS_VIOLATION (0xc0000005) at pc=0x00007ff8ba3c3ef7]

VM state: not at safepoint (not fully initialized)

VM Mutex/Monitor currently owned by a thread:  ([mutex/lock_event])
[0x00000262764972b0] Heap_lock - owner thread: 0x000002627649afe0

Heap address: 0x0000000602000000, size: 8160 MB, Compressed Oops mode: Zero based, Oop shift amount: 3
CDS archive(s) mapped at: [0x0000000000000000-0x0000000000000000-0x0000000000000000), size 0, SharedBaseAddress: 0x0000000800000000, ArchiveRelocationMode: 0.
Narrow klass base: 0x0000000000000000, Narrow klass shift: 0, Narrow klass range: 0x0

GC Precious Log:
<Empty>

Heap:
 garbage-first heap   total 0K, used 0K [0x0000000602000000, 0x0000000800000000)
  region size 4096K, 0 young (0K), 0 survivors (0K)

[error occurred during error reporting (printing heap information), id 0xc0000005, EXCEPTION_ACCESS_VIOLATION (0xc0000005) at pc=0x00007ff8ba7a1edd]

GC Heap History (0 events):
No events

Deoptimization events (0 events):
No events

Classes unloaded (0 events):
No events

Classes redefined (0 events):
No events

Internal exceptions (0 events):
No events

Events (1 events):
Event: 0.004 Loaded shared library C:\software\jdk-16\bin\java.dll


Dynamic libraries:
0x00007ff6a5380000 - 0x00007ff6a5390000 	C:\software\jdk-16\bin\java.exe
0x00007ff8f0a30000 - 0x00007ff8f0c25000 	C:\WINDOWS\SYSTEM32\ntdll.dll
0x00007ff8efcb0000 - 0x00007ff8efd6d000 	C:\WINDOWS\System32\KERNEL32.DLL
0x00007ff8ee220000 - 0x00007ff8ee4e8000 	C:\WINDOWS\System32\KERNELBASE.dll
0x00007ff8ee700000 - 0x00007ff8ee800000 	C:\WINDOWS\System32\ucrtbase.dll
0x00007ff8df750000 - 0x00007ff8df768000 	C:\software\jdk-16\bin\jli.dll
0x00007ff8de6f0000 - 0x00007ff8de709000 	C:\software\jdk-16\bin\VCRUNTIME140.dll
0x00007ff8f0160000 - 0x00007ff8f020c000 	C:\WINDOWS\System32\ADVAPI32.dll
0x00007ff8ef4e0000 - 0x00007ff8ef57e000 	C:\WINDOWS\System32\msvcrt.dll
0x00007ff8f0480000 - 0x00007ff8f051b000 	C:\WINDOWS\System32\sechost.dll
0x00007ff8ef3b0000 - 0x00007ff8ef4db000 	C:\WINDOWS\System32\RPCRT4.dll
0x00007ff8efab0000 - 0x00007ff8efc50000 	C:\WINDOWS\System32\USER32.dll
0x00007ff8ee960000 - 0x00007ff8ee982000 	C:\WINDOWS\System32\win32u.dll
0x00007ff8ddd30000 - 0x00007ff8ddfca000 	C:\WINDOWS\WinSxS\amd64_microsoft.windows.common-controls_6595b64144ccf1df_6.0.19041.844_none_ca00b6081b84eb1d\COMCTL32.dll
0x00007ff8eea90000 - 0x00007ff8eeaba000 	C:\WINDOWS\System32\GDI32.dll
0x00007ff8ee5f0000 - 0x00007ff8ee6fb000 	C:\WINDOWS\System32\gdi32full.dll
0x00007ff8ee990000 - 0x00007ff8eea2d000 	C:\WINDOWS\System32\msvcp_win.dll
0x00007ff8e75d0000 - 0x00007ff8e75da000 	C:\WINDOWS\SYSTEM32\VERSION.dll
0x00007ff8f0210000 - 0x00007ff8f0240000 	C:\WINDOWS\System32\IMM32.DLL
0x00007ff8e9c80000 - 0x00007ff8e9c8c000 	C:\software\jdk-16\bin\vcruntime140_1.dll
0x00007ff8dc080000 - 0x00007ff8dc111000 	C:\software\jdk-16\bin\msvcp140.dll
0x00007ff8ba0e0000 - 0x00007ff8bac8b000 	C:\software\jdk-16\bin\server\jvm.dll
0x00007ff8f03f0000 - 0x00007ff8f03f8000 	C:\WINDOWS\System32\PSAPI.DLL
0x00007ff8dcec0000 - 0x00007ff8dcee7000 	C:\WINDOWS\SYSTEM32\WINMM.dll
0x00007ff8de0a0000 - 0x00007ff8de0a9000 	C:\WINDOWS\SYSTEM32\WSOCK32.dll
0x00007ff8f0980000 - 0x00007ff8f09eb000 	C:\WINDOWS\System32\WS2_32.dll
0x00007ff8ec0a0000 - 0x00007ff8ec0b2000 	C:\WINDOWS\SYSTEM32\kernel.appcore.dll
0x00007ff8e9c50000 - 0x00007ff8e9c5a000 	C:\software\jdk-16\bin\jimage.dll
0x00007ff8db890000 - 0x00007ff8dba74000 	C:\WINDOWS\SYSTEM32\DBGHELP.DLL
0x00007ff8db5b0000 - 0x00007ff8db5dc000 	C:\WINDOWS\SYSTEM32\dbgcore.DLL
0x00007ff8ee570000 - 0x00007ff8ee5f0000 	C:\WINDOWS\System32\bcryptPrimitives.dll
0x00007ff8dbdd0000 - 0x00007ff8dbe0b000 	C:\software\jdk-16\bin\jdwp.dll
0x00007ff8e8090000 - 0x00007ff8e809e000 	C:\software\jdk-16\bin\instrument.dll
0x00007ff8dc050000 - 0x00007ff8dc075000 	C:\software\jdk-16\bin\java.dll

dbghelp: loaded successfully - version: 4.0.5 - missing functions: none
symbol engine: initialized successfully - sym options: 0x614 - pdb path: .;C:\software\jdk-16\bin;C:\WINDOWS\SYSTEM32;C:\WINDOWS\WinSxS\amd64_microsoft.windows.common-controls_6595b64144ccf1df_6.0.19041.844_none_ca00b6081b84eb1d;C:\software\jdk-16\bin\server

VM Arguments:
jvm_args: -agentlib:jdwp=transport=dt_socket,address=127.0.0.1:55159,suspend=y,server=n -Dvisualvm.id=653967240113900 -javaagent:C:\Users\ll130\AppData\Local\JetBrains\IntelliJIdea2021.1\captureAgent\debugger-agent.jar -Dfile.encoding=UTF-8 
java_command: BootStrap
java_class_path (initial): F:\workspace\home\reactor\target\classes;C:\software\IntelliJ IDEA 2020.3.3\lib\idea_rt.jar
Launcher Type: SUN_STANDARD

[Global flags]
     intx CICompilerCount                          = 4                                         {product} {ergonomic}
     uint ConcGCThreads                            = 2                                         {product} {ergonomic}
     uint G1ConcRefinementThreads                  = 8                                         {product} {ergonomic}
   size_t G1HeapRegionSize                         = 4194304                                   {product} {ergonomic}
    uintx GCDrainStackTargetSize                   = 64                                        {product} {ergonomic}
   size_t InitialHeapSize                          = 536870912                                 {product} {ergonomic}
   size_t MarkStackSize                            = 4194304                                   {product} {ergonomic}
   size_t MaxHeapSize                              = 8556380160                                {product} {ergonomic}
   size_t MinHeapDeltaBytes                        = 4194304                                   {product} {ergonomic}
   size_t MinHeapSize                              = 8388608                                   {product} {ergonomic}
    uintx NonNMethodCodeHeapSize                   = 5839372                                {pd product} {ergonomic}
    uintx NonProfiledCodeHeapSize                  = 122909434                              {pd product} {ergonomic}
    uintx ProfiledCodeHeapSize                     = 122909434                              {pd product} {ergonomic}
    uintx ReservedCodeCacheSize                    = 251658240                              {pd product} {ergonomic}
     bool SegmentedCodeCache                       = true                                      {product} {ergonomic}
   size_t SoftMaxHeapSize                          = 8556380160                             {manageable} {ergonomic}
     bool UseCompressedClassPointers               = true                           {product lp64_product} {ergonomic}
     bool UseCompressedOops                        = true                           {product lp64_product} {ergonomic}
     bool UseG1GC                                  = true                                      {product} {ergonomic}
     bool UseLargePagesIndividualAllocation        = false                                  {pd product} {ergonomic}

Logging:
Log output configuration:
 #0: stdout all=warning uptime,level,tags
 #1: stderr all=off uptime,level,tags

Environment Variables:
JAVA_HOME=C:\software\jdk-8
PATH=C:\software\oracle11g\product\11.2.0\dbhome_1\bin;C:\Program Files (x86)\Common Files\Oracle\Java\javapath;C:\Program Files\Common Files\Oracle\Java\javapath;C:\WINDOWS\system32;C:\WINDOWS;C:\WINDOWS\System32\Wbem;C:\WINDOWS\System32\WindowsPowerShell\v1.0\;C:\WINDOWS\System32\OpenSSH\;C:\software\Git\cmd;C:\software\jdk-8\bin;C:\software\NetSarang\xftp7\;C:\software\NetSarang\xshell\;C:\software\nodejs\;C:\software\TortoiseSVN\bin;C:\software\maven\maven\bin;;C:\Program Files\Docker\Docker\resources\bin;C:\ProgramData\DockerDesktop\version-bin;C:\Users\ll130\AppData\Local\Microsoft\WindowsApps;;C:\software\IntelliJ IDEA 2020.3.3\bin;;C:\Users\ll130\AppData\Roaming\npm;C:\software\bandzip\;C:\software\vscode\bin
USERNAME=ll130
OS=Windows_NT
PROCESSOR_IDENTIFIER=Intel64 Family 6 Model 158 Stepping 13, GenuineIntel



---------------  S Y S T E M  ---------------

OS:
 Windows 10 , 64 bit Build 19041 (10.0.19041.928)
OS uptime: 7 days 13:39 hours
Hyper-V role detected

CPU: total 8 (initial active 8) (8 cores per cpu, 1 threads per core) family 6 model 158 stepping 13 microcode 0xde, cx8, cmov, fxsr, mmx, 3dnowpref, sse, sse2, sse3, ssse3, sse4.1, sse4.2, popcnt, lzcnt, tsc, tscinvbit, avx, avx2, aes, erms, clmul, bmi1, bmi2, adx, fma, vzeroupper, clflush, clflushopt, hv

Memory: 4k page, system-wide physical 32638M (3633M free)
TotalPageFile size 62982M (AvailPageFile size 298M)
current process WorkingSet (physical memory assigned to process): 10M, peak: 10M
current process commit charge ("private bytes"): 60M, peak: 572M

vm_info: Java HotSpot(TM) 64-Bit Server VM (16+36-2231) for windows-amd64 JRE (16+36-2231), built on Feb  8 2021 11:43:10 by "mach5one" with MS VC++ 16.7 (VS2019)

END.
